#
# A fatal error has been detected by the Java Runtime Environment:
#
#  EXCEPTION_ACCESS_VIOLATION (0xc0000005) at pc=0x52cc757e, pid=22872, tid=0x00007dac
#
# JRE version: Java(TM) SE Runtime Environment (8.0_191-b12) (build 1.8.0_191-b12)
# Java VM: Java HotSpot(TM) Client VM (25.191-b12 mixed mode windows-x86 )
# Problematic frame:
# V  [jvm.dll+0xe757e]
#
# Failed to write core dump. Minidumps are not enabled by default on client versions of Windows
#
# If you would like to submit a bug report, please visit:
#   http://bugreport.java.com/bugreport/crash.jsp
#

---------------  T H R E A D  ---------------

Current thread (0x29e69000):  JavaThread "EventThread COM5" [_thread_in_vm, id=32172, stack(0x02a80000,0x02ad0000)]

siginfo: ExceptionCode=0xc0000005, reading address 0x00000000

Registers:
EAX=0x00000000, EBX=0x294f0560, ECX=0x29e69000, EDX=0x0000009f
ESP=0x02acc5dc, EBP=0x02acc5f8, ESI=0x00000000, EDI=0x29e69000
EIP=0x52cc757e, EFLAGS=0x00010246

Top of Stack: (sp=0x02acc5dc)
0x02acc5dc:   02acc614 29e69140 294f0560 29e69000
0x02acc5ec:   283d6a74 0000009f 52ec5568 02acf678
0x02acc5fc:   6400183d 29e69140 00000000 00000000
0x02acc60c:   00003020 02acc614 3630302b 0a0d3836
0x02acc61c:   3131302b 0a0d3032 3233312b 0a0d3635
0x02acc62c:   3331302b 0a0d3139 3330302d 0a0d3931
0x02acc63c:   3130302b 0a0d3232 3030302d 0a0d3733
0x02acc64c:   3630302b 0a0d3635 3031302b 0a0d3838 

Instructions: (pc=0x52cc757e)
0x52cc755e:   c4 08 83 7f 04 00 89 7d f0 c7 45 f4 00 00 00 00
0x52cc756e:   74 08 8d 4d f0 e8 e8 34 0c 00 8b 75 10 8b 45 0c
0x52cc757e:   8b 10 85 f6 78 32 8b 45 14 85 c0 78 2b 8d 0c 06
0x52cc758e:   3b 4a 08 77 23 85 c0 7e 3b 8b 4a 04 8b 49 04 83 


Register to memory mapping:

EAX=0x00000000 is an unknown value
EBX=0x294f0560 is an unknown value
ECX=0x29e69000 is a thread
EDX=0x0000009f is an unknown value
ESP=0x02acc5dc is pointing into the stack for thread: 0x29e69000
EBP=0x02acc5f8 is pointing into the stack for thread: 0x29e69000
ESI=0x00000000 is an unknown value
EDI=0x29e69000 is a thread


Stack: [0x02a80000,0x02ad0000],  sp=0x02acc5dc,  free space=305k
Native frames: (J=compiled Java code, j=interpreted, Vv=VM code, C=native code)
V  [jvm.dll+0xe757e]
C  [jSSC-2.8_x86.dll+0x183d]
J 11581  jssc.SerialNativeInterface.readBytes(JI)[B (0 bytes) @ 0x02d8de65 [0x02d8ddd0+0x95]
J 15373 C1 processing.app.Serial.serialEvent(Ljssc/SerialPortEvent;)V (195 bytes) @ 0x03123e74 [0x03123d40+0x134]
J 10464 C1 jssc.SerialPort$EventThread.run()V (84 bytes) @ 0x02de7f58 [0x02de7df0+0x168]
v  ~StubRoutines::call_stub
V  [jvm.dll+0x15c315]
V  [jvm.dll+0x223ece]
V  [jvm.dll+0x15c3ae]
V  [jvm.dll+0x15c536]
V  [jvm.dll+0x15c5a7]
V  [jvm.dll+0x1002ef]
V  [jvm.dll+0x17f550]
V  [jvm.dll+0x17fdca]
V  [jvm.dll+0x1c57a6]
C  [msvcr100.dll+0x5c556]
C  [msvcr100.dll+0x5c600]
C  [KERNEL32.DLL+0x16359]
C  [ntdll.dll+0x67b74]
C  [ntdll.dll+0x67b44]
C  0x00000000

Java frames: (J=compiled Java code, j=interpreted, Vv=VM code)
J 11581  jssc.SerialNativeInterface.readBytes(JI)[B (0 bytes) @ 0x02d8de21 [0x02d8ddd0+0x51]
J 15373 C1 processing.app.Serial.serialEvent(Ljssc/SerialPortEvent;)V (195 bytes) @ 0x03123e74 [0x03123d40+0x134]
J 10464 C1 jssc.SerialPort$EventThread.run()V (84 bytes) @ 0x02de7f58 [0x02de7df0+0x168]
v  ~StubRoutines::call_stub

---------------  P R O C E S S  ---------------

Java Threads: ( => current thread )
=>0x29e69000 JavaThread "EventThread COM5" [_thread_in_vm, id=32172, stack(0x02a80000,0x02ad0000)]
  0x29e6bc00 JavaThread "JmDNS(192-168-10-102.local.).State.Timer" [_thread_blocked, id=31920, stack(0x04d10000,0x04d60000)]
  0x29e6a800 JavaThread "JmDNS(192-168-10-102.local.).Timer" daemon [_thread_blocked, id=30092, stack(0x00f20000,0x00f70000)]
  0x29e6f400 JavaThread "SocketListener(192-168-10-102.local.)" daemon [_thread_in_native, id=32704, stack(0x00dc0000,0x00e10000)]
  0x29e69400 JavaThread "DestroyJavaVM" [_thread_blocked, id=30644, stack(0x00fb0000,0x01000000)]
  0x28828800 JavaThread "TimerQueue" daemon [_thread_blocked, id=18800, stack(0x2b4e0000,0x2b530000)]
  0x28827c00 JavaThread "Batik CleanerThread" daemon [_thread_blocked, id=30676, stack(0x29ab0000,0x29b00000)]
  0x28827000 JavaThread "AWT-EventQueue-0" [_thread_blocked, id=26104, stack(0x298d0000,0x29920000)]
  0x28827800 JavaThread "AWT-Shutdown" [_thread_blocked, id=22224, stack(0x29400000,0x29450000)]
  0x2879fc00 JavaThread "JmDNS(DellBordo.local.).State.Timer" [_thread_blocked, id=26432, stack(0x297b0000,0x29800000)]
  0x2879f800 JavaThread "JmDNS(DellBordo.local.).Timer" daemon [_thread_blocked, id=26828, stack(0x29720000,0x29770000)]
  0x28737000 JavaThread "Multihomed mDNS.Timer" daemon [_thread_blocked, id=23488, stack(0x02b30000,0x02b80000)]
  0x28729000 JavaThread "cc.arduino.packages.discoverers.serial.SerialDiscovery" [_thread_blocked, id=22976, stack(0x29490000,0x294e0000)]
  0x26924c00 JavaThread "AWT-Windows" daemon [_thread_in_native, id=30492, stack(0x26e30000,0x26e80000)]
  0x26923800 JavaThread "Java2D Disposer" daemon [_thread_blocked, id=25168, stack(0x26d10000,0x26d60000)]
  0x260c9c00 JavaThread "Service Thread" daemon [_thread_blocked, id=27528, stack(0x26590000,0x265e0000)]
  0x260c2000 JavaThread "C1 CompilerThread0" daemon [_thread_blocked, id=27988, stack(0x26500000,0x26550000)]
  0x260c0400 JavaThread "Attach Listener" daemon [_thread_blocked, id=26752, stack(0x26470000,0x264c0000)]
  0x260be800 JavaThread "Signal Dispatcher" daemon [_thread_blocked, id=29784, stack(0x263e0000,0x26430000)]
  0x260ac000 JavaThread "Finalizer" daemon [_thread_blocked, id=7164, stack(0x254d0000,0x25520000)]
  0x260a5800 JavaThread "Reference Handler" daemon [_thread_blocked, id=16272, stack(0x25440000,0x25490000)]

Other Threads:
  0x26090400 VMThread [stack: 0x253b0000,0x25400000] [id=16100]
  0x260ce000 WatcherThread [stack: 0x26620000,0x26670000] [id=30408]

VM state:synchronizing (normal execution)

VM Mutex/Monitor currently owned by a thread:  ([mutex/lock_event])
[0x00eade00] Threads_lock - owner thread: 0x26090400
[0x00eae3b0] Heap_lock - owner thread: 0x29e6bc00

Heap:
 def new generation   total 157248K, used 157247K [0x04e00000, 0x0f8a0000, 0x0f8a0000)
  eden space 139776K, 100% used [0x04e00000, 0x0d680000, 0x0d680000)
  from space 17472K,  99% used [0x0e790000, 0x0f89fc18, 0x0f8a0000)
  to   space 17472K,   0% used [0x0d680000, 0x0d680000, 0x0e790000)
 tenured generation   total 349568K, used 349567K [0x0f8a0000, 0x24e00000, 0x24e00000)
   the space 349568K,  99% used [0x0f8a0000, 0x24dfffd0, 0x24e00000, 0x24e00000)
 Metaspace       used 26128K, capacity 26785K, committed 27136K, reserved 28032K

Card table byte_map: [0x24e00000,0x24f10000] byte_map_base: 0x24dd9000

Polling page: 0x00eb0000

CodeCache: size=32768Kb used=2431Kb max_used=5182Kb free=30336Kb
 bounds [0x02cd0000, 0x031e8000, 0x04cd0000]
 total_blobs=1563 nmethods=1266 adapters=225
 compilation: enabled

Compilation events (10 events):
Event: 23715.703 Thread 0x260c2000 15464             java.util.HashMap::clear (50 bytes)
Event: 23715.703 Thread 0x260c2000 nmethod 15464 0x031c8588 code [0x031c8680, 0x031c8750]
Event: 23725.482 Thread 0x260c2000 15465             java.util.concurrent.locks.ReentrantLock$Sync::nonfairTryAcquire (67 bytes)
Event: 23725.483 Thread 0x260c2000 nmethod 15465 0x0317adc8 code [0x0317aed0, 0x0317b04c]
Event: 23902.091 Thread 0x260c2000 15466             javax.jmdns.impl.DNSIncoming$MessageInputStream::readName (431 bytes)
Event: 23902.093 Thread 0x260c2000 nmethod 15466 0x02f33ec8 code [0x02f34220, 0x02f35014]
Event: 23922.494 Thread 0x260c2000 15467             javax.jmdns.impl.constants.DNSRecordType::typeForIndex (55 bytes)
Event: 23922.494 Thread 0x260c2000 nmethod 15467 0x02de6448 code [0x02de6570, 0x02de6728]
Event: 23943.641 Thread 0x260c2000 15468             java.util.AbstractList::equals (117 bytes)
Event: 23943.642 Thread 0x260c2000 nmethod 15468 0x031dad48 code [0x031daed0, 0x031db18c]

GC Heap History (10 events):
Event: 23970.383 GC heap before
{Heap before GC invocations=2931 (full 818):
 def new generation   total 157248K, used 157247K [0x04e00000, 0x0f8a0000, 0x0f8a0000)
  eden space 139776K, 100% used [0x04e00000, 0x0d680000, 0x0d680000)
  from space 17472K,  99% used [0x0e790000, 0x0f89ff28, 0x0f8a0000)
  to   space 17472K,   0% used [0x0d680000, 0x0d680000, 0x0e790000)
 tenured generation   total 349568K, used 349567K [0x0f8a0000, 0x24e00000, 0x24e00000)
   the space 349568K,  99% used [0x0f8a0000, 0x24dfffd0, 0x24e00000, 0x24e00000)
 Metaspace       used 26128K, capacity 26785K, committed 27136K, reserved 28032K
Event: 23970.860 GC heap after
Heap after GC invocations=2932 (full 819):
 def new generation   total 157248K, used 157247K [0x04e00000, 0x0f8a0000, 0x0f8a0000)
  eden space 139776K, 100% used [0x04e00000, 0x0d680000, 0x0d680000)
  from space 17472K,  99% used [0x0e790000, 0x0f89fd08, 0x0f8a0000)
  to   space 17472K,   0% used [0x0d680000, 0x0d680000, 0x0e790000)
 tenured generation   total 349568K, used 349567K [0x0f8a0000, 0x24e00000, 0x24e00000)
   the space 349568K,  99% used [0x0f8a0000, 0x24dfffd0, 0x24e00000, 0x24e00000)
 Metaspace       used 26128K, capacity 26785K, committed 27136K, reserved 28032K
}
Event: 23970.860 GC heap before
{Heap before GC invocations=2932 (full 819):
 def new generation   total 157248K, used 157247K [0x04e00000, 0x0f8a0000, 0x0f8a0000)
  eden space 139776K, 100% used [0x04e00000, 0x0d680000, 0x0d680000)
  from space 17472K,  99% used [0x0e790000, 0x0f89ff28, 0x0f8a0000)
  to   space 17472K,   0% used [0x0d680000, 0x0d680000, 0x0e790000)
 tenured generation   total 349568K, used 349567K [0x0f8a0000, 0x24e00000, 0x24e00000)
   the space 349568K,  99% used [0x0f8a0000, 0x24dfffd0, 0x24e00000, 0x24e00000)
 Metaspace       used 26128K, capacity 26785K, committed 27136K, reserved 28032K
Event: 23971.315 GC heap after
Heap after GC invocations=2933 (full 820):
 def new generation   total 157248K, used 157247K [0x04e00000, 0x0f8a0000, 0x0f8a0000)
  eden space 139776K, 100% used [0x04e00000, 0x0d680000, 0x0d680000)
  from space 17472K,  99% used [0x0e790000, 0x0f89fd08, 0x0f8a0000)
  to   space 17472K,   0% used [0x0d680000, 0x0d680000, 0x0e790000)
 tenured generation   total 349568K, used 349567K [0x0f8a0000, 0x24e00000, 0x24e00000)
   the space 349568K,  99% used [0x0f8a0000, 0x24dfffd0, 0x24e00000, 0x24e00000)
 Metaspace       used 26128K, capacity 26785K, committed 27136K, reserved 28032K
}
Event: 23971.315 GC heap before
{Heap before GC invocations=2933 (full 820):
 def new generation   total 157248K, used 157247K [0x04e00000, 0x0f8a0000, 0x0f8a0000)
  eden space 139776K, 100% used [0x04e00000, 0x0d680000, 0x0d680000)
  from space 17472K,  99% used [0x0e790000, 0x0f89ff28, 0x0f8a0000)
  to   space 17472K,   0% used [0x0d680000, 0x0d680000, 0x0e790000)
 tenured generation   total 349568K, used 349567K [0x0f8a0000, 0x24e00000, 0x24e00000)
   the space 349568K,  99% used [0x0f8a0000, 0x24dfffd0, 0x24e00000, 0x24e00000)
 Metaspace       used 26128K, capacity 26785K, committed 27136K, reserved 28032K
Event: 23971.763 GC heap after
Heap after GC invocations=2934 (full 821):
 def new generation   total 157248K, used 157247K [0x04e00000, 0x0f8a0000, 0x0f8a0000)
  eden space 139776K, 100% used [0x04e00000, 0x0d680000, 0x0d680000)
  from space 17472K,  99% used [0x0e790000, 0x0f89fd08, 0x0f8a0000)
  to   space 17472K,   0% used [0x0d680000, 0x0d680000, 0x0e790000)
 tenured generation   total 349568K, used 349567K [0x0f8a0000, 0x24e00000, 0x24e00000)
   the space 349568K,  99% used [0x0f8a0000, 0x24dfffd0, 0x24e00000, 0x24e00000)
 Metaspace       used 26128K, capacity 26785K, committed 27136K, reserved 28032K
}
Event: 23971.763 GC heap before
{Heap before GC invocations=2934 (full 821):
 def new generation   total 157248K, used 157247K [0x04e00000, 0x0f8a0000, 0x0f8a0000)
  eden space 139776K, 100% used [0x04e00000, 0x0d680000, 0x0d680000)
  from space 17472K,  99% used [0x0e790000, 0x0f89ff70, 0x0f8a0000)
  to   space 17472K,   0% used [0x0d680000, 0x0d680000, 0x0e790000)
 tenured generation   total 349568K, used 349567K [0x0f8a0000, 0x24e00000, 0x24e00000)
   the space 349568K,  99% used [0x0f8a0000, 0x24dfffd0, 0x24e00000, 0x24e00000)
 Metaspace       used 26128K, capacity 26785K, committed 27136K, reserved 28032K
Event: 23972.207 GC heap after
Heap after GC invocations=2935 (full 822):
 def new generation   total 157248K, used 157243K [0x04e00000, 0x0f8a0000, 0x0f8a0000)
  eden space 139776K, 100% used [0x04e00000, 0x0d680000, 0x0d680000)
  from space 17472K,  99% used [0x0e790000, 0x0f89ee28, 0x0f8a0000)
  to   space 17472K,   0% used [0x0d680000, 0x0d680000, 0x0e790000)
 tenured generation   total 349568K, used 349567K [0x0f8a0000, 0x24e00000, 0x24e00000)
   the space 349568K,  99% used [0x0f8a0000, 0x24dfffd0, 0x24e00000, 0x24e00000)
 Metaspace       used 26128K, capacity 26785K, committed 27136K, reserved 28032K
}
Event: 23972.207 GC heap before
{Heap before GC invocations=2935 (full 822):
 def new generation   total 157248K, used 157243K [0x04e00000, 0x0f8a0000, 0x0f8a0000)
  eden space 139776K, 100% used [0x04e00000, 0x0d680000, 0x0d680000)
  from space 17472K,  99% used [0x0e790000, 0x0f89ee28, 0x0f8a0000)
  to   space 17472K,   0% used [0x0d680000, 0x0d680000, 0x0e790000)
 tenured generation   total 349568K, used 349567K [0x0f8a0000, 0x24e00000, 0x24e00000)
   the space 349568K,  99% used [0x0f8a0000, 0x24dfffd0, 0x24e00000, 0x24e00000)
 Metaspace       used 26128K, capacity 26785K, committed 27136K, reserved 28032K
Event: 23972.663 GC heap after
Heap after GC invocations=2936 (full 823):
 def new generation   total 157248K, used 157243K [0x04e00000, 0x0f8a0000, 0x0f8a0000)
  eden space 139776K, 100% used [0x04e00000, 0x0d680000, 0x0d680000)
  from space 17472K,  99% used [0x0e790000, 0x0f89ee28, 0x0f8a0000)
  to   space 17472K,   0% used [0x0d680000, 0x0d680000, 0x0e790000)
 tenured generation   total 349568K, used 349567K [0x0f8a0000, 0x24e00000, 0x24e00000)
   the space 349568K,  99% used [0x0f8a0000, 0x24dfffd0, 0x24e00000, 0x24e00000)
 Metaspace       used 26128K, capacity 26785K, committed 27136K, reserved 28032K
}

Deoptimization events (0 events):
No events

Classes redefined (0 events):
No events

Internal exceptions (10 events):
Event: 23518.859 Thread 0x29e69c00 Exception <a 'sun/nio/fs/WindowsException'> (0x077817f8) thrown at [C:\workspace\8-2-build-windows-i586-cygwin\jdk8u191\11896\hotspot\src\share\vm\prims\jni.cpp, line 709]
Event: 23518.860 Thread 0x29e69c00 Exception <a 'sun/nio/fs/WindowsException'> (0x0778b768) thrown at [C:\workspace\8-2-build-windows-i586-cygwin\jdk8u191\11896\hotspot\src\share\vm\prims\jni.cpp, line 709]
Event: 23518.860 Thread 0x29e69c00 Exception <a 'sun/nio/fs/WindowsException'> (0x0778be50) thrown at [C:\workspace\8-2-build-windows-i586-cygwin\jdk8u191\11896\hotspot\src\share\vm\prims\jni.cpp, line 709]
Event: 23518.860 Thread 0x29e69c00 Exception <a 'sun/nio/fs/WindowsException'> (0x07796908) thrown at [C:\workspace\8-2-build-windows-i586-cygwin\jdk8u191\11896\hotspot\src\share\vm\prims\jni.cpp, line 709]
Event: 23518.860 Thread 0x29e69c00 Exception <a 'sun/nio/fs/WindowsException'> (0x07796ed8) thrown at [C:\workspace\8-2-build-windows-i586-cygwin\jdk8u191\11896\hotspot\src\share\vm\prims\jni.cpp, line 709]
Event: 23518.861 Thread 0x29e69c00 Exception <a 'sun/nio/fs/WindowsException'> (0x077a6248) thrown at [C:\workspace\8-2-build-windows-i586-cygwin\jdk8u191\11896\hotspot\src\share\vm\prims\jni.cpp, line 709]
Event: 23518.861 Thread 0x29e69c00 Exception <a 'sun/nio/fs/WindowsException'> (0x077a6818) thrown at [C:\workspace\8-2-build-windows-i586-cygwin\jdk8u191\11896\hotspot\src\share\vm\prims\jni.cpp, line 709]
Event: 23518.862 Thread 0x29e69c00 Exception <a 'sun/nio/fs/WindowsException'> (0x077b1308) thrown at [C:\workspace\8-2-build-windows-i586-cygwin\jdk8u191\11896\hotspot\src\share\vm\prims\jni.cpp, line 709]
Event: 23518.862 Thread 0x29e69c00 Exception <a 'sun/nio/fs/WindowsException'> (0x077b18d8) thrown at [C:\workspace\8-2-build-windows-i586-cygwin\jdk8u191\11896\hotspot\src\share\vm\prims\jni.cpp, line 709]
Event: 23972.663 Thread 0x29e69000 Exception <a 'java/lang/OutOfMemoryError'> (0x0f933788) thrown at [C:\workspace\8-2-build-windows-i586-cygwin\jdk8u191\11896\hotspot\src\share\vm\gc_interface/collectedHeap.inline.hpp, line 159]

Events (10 events):
Event: 23970.383 Executing VM operation: GenCollectForAllocation done
Event: 23970.383 Executing VM operation: GenCollectForAllocation
Event: 23970.860 Executing VM operation: GenCollectForAllocation done
Event: 23970.860 Executing VM operation: GenCollectForAllocation
Event: 23971.315 Executing VM operation: GenCollectForAllocation done
Event: 23971.315 Executing VM operation: GenCollectForAllocation
Event: 23971.763 Executing VM operation: GenCollectForAllocation done
Event: 23971.763 Executing VM operation: GenCollectForAllocation
Event: 23972.663 Executing VM operation: GenCollectForAllocation done
Event: 23972.663 Executing VM operation: GenCollectForAllocation


Dynamic libraries:
0x00ee0000 - 0x00f13000 	C:\Program Files (x86)\Arduino\java\bin\javaw.exe
0x77e20000 - 0x77fba000 	C:\Windows\SYSTEM32\ntdll.dll
0x77ab0000 - 0x77b90000 	C:\Windows\System32\KERNEL32.DLL
0x76210000 - 0x7640e000 	C:\Windows\System32\KERNELBASE.dll
0x76420000 - 0x76499000 	C:\Windows\System32\ADVAPI32.dll
0x75740000 - 0x757ff000 	C:\Windows\System32\msvcrt.dll
0x76bf0000 - 0x76c66000 	C:\Windows\System32\sechost.dll
0x76860000 - 0x7691b000 	C:\Windows\System32\RPCRT4.dll
0x755f0000 - 0x75610000 	C:\Windows\System32\SspiCli.dll
0x755e0000 - 0x755ea000 	C:\Windows\System32\CRYPTBASE.dll
0x75870000 - 0x758cf000 	C:\Windows\System32\bcryptPrimitives.dll
0x77be0000 - 0x77d77000 	C:\Windows\System32\USER32.dll
0x76c70000 - 0x76c87000 	C:\Windows\System32\win32u.dll
0x76830000 - 0x76851000 	C:\Windows\System32\GDI32.dll
0x765b0000 - 0x7670a000 	C:\Windows\System32\gdi32full.dll
0x76040000 - 0x760bc000 	C:\Windows\System32\msvcp_win.dll
0x75f00000 - 0x7601f000 	C:\Windows\System32\ucrtbase.dll
0x70280000 - 0x7048f000 	C:\Windows\WinSxS\x86_microsoft.windows.common-controls_6595b64144ccf1df_6.0.18362.720_none_2e6bec9c2790ac71\COMCTL32.dll
0x77820000 - 0x77a95000 	C:\Windows\System32\combase.dll
0x75610000 - 0x75635000 	C:\Windows\System32\IMM32.DLL
0x52fc0000 - 0x5307f000 	C:\Program Files (x86)\Arduino\java\bin\msvcr100.dll
0x52be0000 - 0x52fb3000 	C:\Program Files (x86)\Arduino\java\bin\client\jvm.dll
0x77aa0000 - 0x77aa6000 	C:\Windows\System32\PSAPI.DLL
0x716f0000 - 0x716f8000 	C:\Windows\SYSTEM32\WSOCK32.dll
0x6e660000 - 0x6e684000 	C:\Windows\SYSTEM32\WINMM.dll
0x75430000 - 0x75438000 	C:\Windows\SYSTEM32\VERSION.dll
0x75ea0000 - 0x75efe000 	C:\Windows\System32\WS2_32.dll
0x6e4b0000 - 0x6e4d3000 	C:\Windows\SYSTEM32\winmmbase.dll
0x770e0000 - 0x7711b000 	C:\Windows\System32\cfgmgr32.dll
0x52bb0000 - 0x52be0000 	C:\Program Files (x86)\Arduino\java\bin\splashscreen.dll
0x72190000 - 0x7220a000 	C:\Windows\system32\uxtheme.dll
0x64640000 - 0x6464c000 	C:\Program Files (x86)\Arduino\java\bin\verify.dll
0x52b80000 - 0x52ba2000 	C:\Program Files (x86)\Arduino\java\bin\java.dll
0x764a0000 - 0x765a3000 	C:\Windows\System32\MSCTF.dll
0x76710000 - 0x767a2000 	C:\Windows\System32\OLEAUT32.dll
0x52b60000 - 0x52b74000 	C:\Program Files (x86)\Arduino\java\bin\zip.dll
0x767b0000 - 0x767bf000 	C:\Windows\System32\kernel.appcore.dll
0x5c4d0000 - 0x5c554000 	C:\Windows\System32\TextInputFramework.dll
0x5c1e0000 - 0x5c43e000 	C:\Windows\System32\CoreUIComponents.dll
0x5c440000 - 0x5c4c9000 	C:\Windows\System32\CoreMessaging.dll
0x77120000 - 0x771a4000 	C:\Windows\System32\SHCORE.dll
0x6e0a0000 - 0x6e0c9000 	C:\Windows\SYSTEM32\ntmarta.dll
0x6db20000 - 0x6dbfa000 	C:\Windows\SYSTEM32\wintypes.dll
0x6e820000 - 0x6ea49000 	C:\Windows\System32\iertutil.dll
0x75920000 - 0x75e9a000 	C:\Windows\System32\SHELL32.dll
0x771b0000 - 0x77775000 	C:\Windows\System32\windows.storage.dll
0x76810000 - 0x7682b000 	C:\Windows\System32\profapi.dll
0x767c0000 - 0x76803000 	C:\Windows\System32\powrprof.dll
0x76410000 - 0x7641d000 	C:\Windows\System32\UMPDC.dll
0x77b90000 - 0x77bd4000 	C:\Windows\System32\shlwapi.dll
0x777a0000 - 0x777b3000 	C:\Windows\System32\cryptsp.dll
0x61940000 - 0x619b3000 	C:\Program Files (x86)\Arduino\lib\listSerialsj.dll
0x76c90000 - 0x770d9000 	C:\Windows\System32\SETUPAPI.dll
0x76020000 - 0x76039000 	C:\Windows\System32\bcrypt.dll
0x52b40000 - 0x52b5d000 	C:\Program Files (x86)\Arduino\lib\jnidispatch-4.2.2-win32-x86.dll
0x76af0000 - 0x76be7000 	C:\Windows\System32\Ole32.dll
0x52b20000 - 0x52b35000 	C:\Program Files (x86)\Arduino\java\bin\net.dll
0x6e510000 - 0x6e562000 	C:\Windows\system32\mswsock.dll
0x63810000 - 0x6381f000 	C:\Program Files (x86)\Arduino\java\bin\nio.dll
0x529d0000 - 0x52b17000 	C:\Program Files (x86)\Arduino\java\bin\awt.dll
0x71d60000 - 0x71dff000 	C:\Windows\SYSTEM32\apphelp.dll
0x71740000 - 0x71765000 	C:\Windows\system32\DWMAPI.DLL
0x52990000 - 0x529c9000 	C:\Program Files (x86)\Arduino\java\bin\fontmanager.dll
0x52890000 - 0x5298f000 	C:\Windows\system32\opengl32.dll
0x52850000 - 0x5288f000 	C:\Windows\SYSTEM32\GLU32.dll
0x64e30000 - 0x64e49000 	C:\Windows\SYSTEM32\dxcore.dll
0x52810000 - 0x52842000 	C:\Program Files (x86)\Arduino\java\bin\t2k.dll
0x5f3d0000 - 0x5f3da000 	C:\Program Files (x86)\Arduino\java\bin\management.dll
0x736f0000 - 0x73701000 	C:\Windows\system32\napinsp.dll
0x736d0000 - 0x736e6000 	C:\Windows\system32\pnrpnsp.dll
0x736c0000 - 0x736d0000 	C:\Windows\system32\wshbth.dll
0x5c7a0000 - 0x5c7b6000 	C:\Windows\system32\NLAapi.dll
0x72910000 - 0x72942000 	C:\Windows\SYSTEM32\IPHLPAPI.DLL
0x6e410000 - 0x6e4a1000 	C:\Windows\SYSTEM32\DNSAPI.dll
0x76200000 - 0x76207000 	C:\Windows\System32\NSI.dll
0x736b0000 - 0x736bb000 	C:\Windows\System32\winrnr.dll
0x6d310000 - 0x6d361000 	C:\Windows\System32\fwpuclnt.dll
0x6d440000 - 0x6d448000 	C:\Windows\System32\rasadhlp.dll
0x6cf30000 - 0x6cf43000 	C:\Windows\SYSTEM32\dhcpcsvc6.DLL
0x718f0000 - 0x71905000 	C:\Windows\SYSTEM32\dhcpcsvc.DLL
0x73640000 - 0x7366f000 	C:\Windows\system32\rsaenh.dll
0x728f0000 - 0x7290e000 	C:\Windows\SYSTEM32\USERENV.dll
0x527a0000 - 0x52809000 	C:\Program Files (x86)\Arduino\msvcp100.dll
0x526e0000 - 0x5279e000 	C:\Program Files (x86)\Arduino\msvcr100.dll
0x29920000 - 0x29952000 	C:\Program Files (x86)\Arduino\lib\AStylej.dll
0x526b0000 - 0x526d4000 	C:\Program Files (x86)\Arduino\java\bin\dcpr.dll
0x760d0000 - 0x76150000 	C:\Windows\System32\clbcatq.dll
0x6cd00000 - 0x6ce69000 	C:\Windows\SYSTEM32\WindowsCodecs.dll
0x5ebf0000 - 0x5ec21000 	C:\Windows\system32\dataexchange.dll
0x64f80000 - 0x6515e000 	C:\Windows\system32\d3d11.dll
0x5e9c0000 - 0x5eb29000 	C:\Windows\system32\dcomp.dll
0x65310000 - 0x653d1000 	C:\Windows\system32\dxgi.dll
0x6d6b0000 - 0x6d893000 	C:\Windows\system32\twinapi.appcore.dll
0x6d690000 - 0x6d6af000 	C:\Windows\system32\RMCLIENT.dll
0x6b8c0000 - 0x6b94d000 	C:\Windows\WinSxS\x86_microsoft.windows.common-controls_6595b64144ccf1df_5.82.18362.720_none_71d2c04b5ae7c8b4\comctl32.dll
0x52690000 - 0x526b0000 	C:\Program Files (x86)\Arduino\java\bin\sunec.dll
0x5c7c0000 - 0x5c7c9000 	C:\Program Files (x86)\Arduino\java\bin\sunmscapi.dll
0x75640000 - 0x7573b000 	C:\Windows\System32\CRYPT32.dll
0x75800000 - 0x7580e000 	C:\Windows\System32\MSASN1.dll
0x636d0000 - 0x636f3000 	C:\Windows\SYSTEM32\DEVOBJ.dll
0x758d0000 - 0x75916000 	C:\Windows\System32\WINTRUST.dll
0x64000000 - 0x6401b000 	C:\Program Files (x86)\Arduino\lib\jSSC-2.8_x86.dll
0x6e690000 - 0x6e81f000 	C:\Windows\SYSTEM32\dbghelp.dll

VM Arguments:
jvm_args: -Dsun.java2d.d3d=false -Djna.nosys=true -Djna.nounpack=true -Djna.boot.library.name=jnidispatch-4.2.2-win32-x86 -Djna.boot.library.path=C:\Program Files (x86)\Arduino/lib -Djssc.library.path=C:\Program Files (x86)\Arduino/lib -DAPP_DIR=C:\Program Files (x86)\Arduino -Xms128M -Xmx512M -Dfile.encoding=UTF8 -Djava.net.preferIPv4Stack=true 
java_command: processing.app.Base D:\Meus Documentos\UnB\Orientacoes\PFC\Tássila\Progs\CXP\CXP.ino
java_class_path (initial): C:\Program Files (x86)\Arduino\lib\apple.jar;C:\Program Files (x86)\Arduino\lib\arduino-core.jar;C:\Program Files (x86)\Arduino\lib\batik-1.8.jar;C:\Program Files (x86)\Arduino\lib\batik-anim-1.8.jar;C:\Program Files (x86)\Arduino\lib\batik-awt-util-1.8.jar;C:\Program Files (x86)\Arduino\lib\batik-bridge-1.8.jar;C:\Program Files (x86)\Arduino\lib\batik-codec-1.8.jar;C:\Program Files (x86)\Arduino\lib\batik-css-1.8.jar;C:\Program Files (x86)\Arduino\lib\batik-dom-1.8.jar;C:\Program Files (x86)\Arduino\lib\batik-ext-1.8.jar;C:\Program Files (x86)\Arduino\lib\batik-gvt-1.8.jar;C:\Program Files (x86)\Arduino\lib\batik-parser-1.8.jar;C:\Program Files (x86)\Arduino\lib\batik-rasterizer-1.8.jar;C:\Program Files (x86)\Arduino\lib\batik-script-1.8.jar;C:\Program Files (x86)\Arduino\lib\batik-squiggle-1.8.jar;C:\Program Files (x86)\Arduino\lib\batik-svg-dom-1.8.jar;C:\Program Files (x86)\Arduino\lib\batik-svgpp-1.8.jar;C:\Program Files (x86)\Arduino\lib\batik-transcoder-1.8.jar;C:\Program Files (x86)\Arduino\lib\batik-util-1.8.jar;C:\Program Files (x86)\Arduino\lib\batik-xml-1.8.jar;C:\Program Files (x86)\Arduino\lib\bcpg-jdk15on-152.jar;C:\Program Files (x86)\Arduino\lib\bcprov-jdk15on-152.jar;C:\Program Files (x86)\Arduino\lib\commons-codec-1.7.jar;C:\Program Files (x86)\Arduino\lib\commons-compress-1.8.jar;C:\Program Files (x86)\Arduino\lib\commons-exec-1.1.jar;C:\Program Files (x86)\Arduino\lib\commons-httpclient-3.1.jar;C:\Program Files (x86)\Arduino\lib\commons-lang3-3.8.1.jar;C:\Program Files (x86)\Arduino\lib\commons-logging-1.0.4.jar;C:\Program Files (x86)\Arduino\lib\commons-net-3.3.jar;C:\Program Files (x86)\Arduino\lib\commons-io-2.6.jar;C:\Program Files (x86)\Arduino\lib\jackson-annotations-2.9.5.jar;C:\Program Files (x86)\Arduino\lib\jackson-core-2.9.5.jar;C:\Program Files (x86)\Arduino\lib\jackson-databind-2.9.5.jar;C:\Program Files (x86)\Arduino\lib\jackson-module-mrbean-2.9.5.jar;C:\Program Files (x86)\Arduino\lib\java-semver-0.8.
Launcher Type: SUN_STANDARD

Environment Variables:
PATH=C:\Program Files (x86)\Common Files\Oracle\Java\javapath;C:\Windows\system32;C:\Windows;C:\Windows\System32\Wbem;C:\Windows\System32\WindowsPowerShell\v1.0\;C:\Windows\System32\OpenSSH\;C:\Program Files (x86)\Intel\Intel(R) Management Engine Components\DAL;C:\Program Files\Intel\Intel(R) Management Engine Components\DAL;C:\Program Files (x86)\NVIDIA Corporation\PhysX\Common;C:\Program Files\NVIDIA Corporation\NVIDIA NvDLISR;C:\Windows\system32;C:\Windows;C:\Windows\System32\Wbem;C:\Windows\System32\WindowsPowerShell\v1.0\;C:\Windows\System32\OpenSSH\;C:\Program Files\MATLAB\R2014b\runtime\win64;C:\Program Files\MATLAB\R2014b\bin;C:\Program Files\MATLAB\R2014b\polyspace\bin;C:\Program Files (x86)\Pico Technology\PicoScope6\;C:\Users\zelen\AppData\Local\Microsoft\WindowsApps;;C:\Program Files (x86)\Arduino\java\bin
USERNAME=zelen
OS=Windows_NT
PROCESSOR_IDENTIFIER=Intel64 Family 6 Model 142 Stepping 12, GenuineIntel



---------------  S Y S T E M  ---------------

OS: Windows 10.0 , 64 bit Build 18362 (10.0.18362.329)

CPU:total 8 (initial active 8) (4 cores per cpu, 2 threads per core) family 6 model 142 stepping 12, cmov, cx8, fxsr, mmx, sse, sse2, sse3, ssse3, sse4.1, sse4.2, popcnt, avx, avx2, aes, clmul, erms, 3dnowpref, lzcnt, ht, tsc, tscinvbit, bmi1, bmi2, adx

Memory: 4k page, physical 16559800k(7870480k free), swap 19705528k(8130656k free)

vm_info: Java HotSpot(TM) Client VM (25.191-b12) for windows-x86 JRE (1.8.0_191-b12), built on Oct  6 2018 08:34:23 by "java_re" with MS VC++ 10.0 (VS2010)

time: Thu Apr 16 14:04:26 2020
elapsed time: 23974 seconds (0d 6h 39m 34s)

